<?xml version="1.0" encoding="UTF-8"?>
<!-- Generated by org.testng.reporters.JUnitReportReporter -->
<testsuite hostname="DESKTOP-4T084H1" failures="0" tests="1" name="com.demo.qa.testcase.HomePagetest" time="6.189" errors="0" timestamp="2022-05-22T12:30:31 IST" skipped="0">
  <testcase classname="com.demo.qa.testcase.HomePagetest" name="getTitle" time="6.189"/>
  <system-out/>
</testsuite> <!-- com.demo.qa.testcase.HomePagetest -->
