<?xml version="1.0" encoding="UTF-8"?>
<!-- Generated by org.testng.reporters.JUnitReportReporter -->
<testsuite hostname="DESKTOP-4T084H1" failures="0" tests="1" name="com.demo.qa.testcase.HomePageTest" time="5.047" errors="0" timestamp="2022-05-22T15:34:34 IST" skipped="0">
  <testcase classname="com.demo.qa.testcase.HomePageTest" name="getTitle" time="5.047"/>
  <system-out/>
</testsuite> <!-- com.demo.qa.testcase.HomePageTest -->
